2019-04-11 01:41:36,236 INFO: 0xdf11f630 1->8 SET
2019-04-11 01:41:36,276 INFO: 0xdf11f630 1->8 GET
2019-04-11 01:43:25,652 INFO: 0xdf11f630 1->8 SET
2019-04-11 01:43:25,675 INFO: 0xdf11f630 1->8 GET
2019-04-11 01:46:21,682 INFO: 0xdf11f630 1->8 SWITCH_BINARY SET '\x00'
2019-04-11 01:46:21,808 INFO: 0xdf11f630 1->8 SWITCH_BINARY GET 
2019-04-11 01:48:23,562 WARNING: 0xdf11f630 1->8 SWITCH_BINARY SET '\xff'
2019-04-11 01:48:23,609 WARNING: 0xdf11f630 1->8 SWITCH_BINARY GET 
2019-04-11 01:48:32,870 WARNING: 0xdf11f630 1->8 SWITCH_BINARY SET '\x00'
2019-04-11 01:48:32,920 WARNING: 0xdf11f630 1->8 SWITCH_BINARY GET 
2019-04-11 01:54:15,097 WARNING: 0xdf11f630 1->8 SWITCH_BINARY GET 
2019-04-11 01:54:20,653 WARNING: 0xdf11f630 1->8 SWITCH_BINARY SET '\x00'
2019-04-11 01:54:22,580 WARNING: 0xdf11f630 1->8 SWITCH_BINARY SET '\xff'
2019-04-11 01:54:24,138 WARNING: 0xdf11f630 1->8 SWITCH_BINARY SET '\x00'
2019-04-11 01:54:24,183 WARNING: 0xdf11f630 1->8 SWITCH_BINARY GET 
2019-04-11 01:54:25,460 WARNING: 0xdf11f630 1->8 SWITCH_BINARY SET '\xff'
2019-04-11 01:54:25,510 WARNING: 0xdf11f630 1->8 SWITCH_BINARY GET 
2019-04-11 01:54:26,739 WARNING: 0xdf11f630 1->8 SWITCH_BINARY SET '\x00'
2019-04-11 01:54:26,763 WARNING: 0xdf11f630 1->8 SWITCH_BINARY GET 
2019-04-11 01:54:27,953 WARNING: 0xdf11f630 1->8 SWITCH_BINARY SET '\xff'
2019-04-11 01:54:28,002 WARNING: 0xdf11f630 1->8 SWITCH_BINARY GET 
2019-04-11 01:54:28,592 WARNING: 0xdf11f630 1->8 SWITCH_BINARY SET '\xff'
2019-04-11 01:54:28,611 WARNING: 0xdf11f630 1->8 SWITCH_BINARY GET 
2019-04-11 01:54:28,746 WARNING: 0xdf11f630 1->8 SWITCH_BINARY SET '\xff'
2019-04-11 01:54:28,911 WARNING: 0xdf11f630 1->8 SWITCH_BINARY SET '\xff'
2019-04-11 01:54:28,923 WARNING: 0xdf11f630 1->8 SWITCH_BINARY GET 
2019-04-11 01:54:29,190 WARNING: 0xdf11f630 1->8 SWITCH_BINARY SET '\x00'
2019-04-11 01:54:29,194 DEBUG: Bad CRC
2019-04-11 01:54:29,236 WARNING: 0xdf11f630 1->8 SWITCH_BINARY GET 
2019-04-11 01:54:31,268 WARNING: 0xdf11f630 1->8 SWITCH_BINARY SET '\xff'
2019-04-11 01:54:32,783 WARNING: 0xdf11f630 1->8 SWITCH_BINARY SET '\x00'
2019-04-11 01:54:32,807 WARNING: 0xdf11f630 1->8 SWITCH_BINARY GET 
2019-04-11 01:54:34,432 WARNING: 0xdf11f630 1->8 SWITCH_BINARY SET '\xff'
2019-04-11 01:54:36,844 WARNING: 0xdf11f630 1->8 SWITCH_BINARY SET '\x00'
2019-04-11 01:54:36,865 WARNING: 0xdf11f630 1->8 SWITCH_BINARY GET 
2019-04-11 02:20:49,168 WARNING: 0xdf11f630 1->8 SWITCH_BINARY SET '\x00'
2019-04-11 02:20:49,219 WARNING: 0xdf11f630 1->8 SWITCH_BINARY GET 
2019-04-11 14:37:12,956 DEBUG: CRC OK
2019-04-11 14:37:12,989 DEBUG: CRC OK
2019-04-11 14:47:47,571 DEBUG: Handle generator
2019-04-11 14:47:47,573 DEBUG: Setting configuration Home ID
2019-04-11 14:47:47,579 DEBUG: Bad CRC
2019-04-11 14:52:36,204 DEBUG: Setting HomeID to configuration
2019-04-11 14:55:50,239 DEBUG: Sleeping
2019-04-11 14:55:51,241 DEBUG: Sleeping
2019-04-11 14:55:52,243 DEBUG: Sleeping
2019-04-11 14:55:53,245 DEBUG: Sleeping
2019-04-11 14:55:54,246 DEBUG: Sleeping
2019-04-11 14:55:55,248 DEBUG: Sleeping
2019-04-11 14:55:55,936 DEBUG: Setting HomeID to configuration
2019-04-11 14:55:56,249 DEBUG: Sleeping
2019-04-11 14:55:57,251 DEBUG: Sleeping
2019-04-11 14:55:58,252 DEBUG: Sleeping
2019-04-11 14:55:59,254 DEBUG: Sleeping
2019-04-11 14:56:00,255 DEBUG: Sleeping
2019-04-11 14:56:01,257 DEBUG: Sleeping
2019-04-11 14:56:02,258 DEBUG: Sleeping
2019-04-11 14:56:03,260 DEBUG: Sleeping
2019-04-11 14:56:04,263 DEBUG: Sleeping
2019-04-11 15:36:07,918 DEBUG: Setting HomeID to configuration
2019-04-11 15:36:27,567 DEBUG: Awaken from sleep, starting generator.
2019-04-11 18:47:06,252 DEBUG: Setting HomeID to configuration
2019-04-11 18:47:06,727 DEBUG: Bad CRC
2019-04-11 19:45:07,342 DEBUG: Setting HomeID to configuration
2019-04-11 19:46:59,439 DEBUG: Setting HomeID to configuration
2019-04-11 19:48:25,550 DEBUG: Setting HomeID to configuration
2019-04-11 19:54:59,561 DEBUG: Setting HomeID to configuration
2019-04-11 19:58:39,763 DEBUG: Setting HomeID to configuration
2019-04-11 20:00:29,380 DEBUG: Setting HomeID to configuration
2019-04-11 20:00:29,906 DEBUG: Bad CRC
2019-04-11 20:00:57,921 DEBUG: Setting HomeID to configuration
2019-04-11 20:01:43,458 DEBUG: Setting HomeID to configuration
2019-04-11 20:02:22,290 DEBUG: Setting HomeID to configuration
2019-04-11 20:03:14,063 DEBUG: Setting HomeID to configuration
2019-04-11 20:04:17,278 DEBUG: CRC OK
2019-04-11 20:04:17,279 DEBUG: Setting HomeID to configuration
2019-04-11 20:04:25,082 DEBUG: CRC OK
2019-04-11 20:04:25,083 DEBUG: CRC OK
2019-04-11 20:04:25,089 DEBUG: CRC OK
2019-04-11 20:04:37,415 DEBUG: CRC OK
2019-04-11 20:04:37,522 DEBUG: CRC OK
2019-04-11 20:04:37,524 DEBUG: Bad CRC
2019-04-11 20:04:37,665 DEBUG: CRC OK
2019-04-11 20:04:37,678 DEBUG: CRC OK
2019-04-11 20:04:37,723 DEBUG: CRC OK
2019-04-11 20:04:37,793 DEBUG: CRC OK
2019-04-11 20:04:37,801 DEBUG: CRC OK
2019-04-11 20:04:37,934 DEBUG: CRC OK
2019-04-11 20:04:37,938 DEBUG: CRC OK
2019-04-11 20:04:41,528 DEBUG: CRC OK
2019-04-11 20:17:04,679 DEBUG: CRC OK
2019-04-11 20:17:04,680 DEBUG: Setting HomeID to configuration
2019-04-11 20:17:04,688 DEBUG: CRC OK
2019-04-11 20:17:14,917 DEBUG: Bad CRC
2019-04-11 20:17:20,934 DEBUG: Bad CRC
2019-04-11 20:17:26,924 DEBUG: Bad CRC
2019-04-12 00:26:34,085 DEBUG: CRC OK
2019-04-12 00:26:34,091 DEBUG: Setting HomeID to configuration
2019-04-12 00:26:34,092 DEBUG: CRC OK
2019-04-12 00:32:41,362 DEBUG: CRC OK
2019-04-12 00:32:41,364 DEBUG: Setting HomeID to configuration
2019-04-12 00:32:41,365 DEBUG: CRC OK
2019-04-12 00:32:41,395 DEBUG: CRC OK
2019-04-12 00:32:43,616 DEBUG: CRC OK
2019-04-12 00:32:49,614 DEBUG: CRC OK
2019-04-12 00:32:53,649 DEBUG: Bad CRC
2019-04-12 00:32:57,646 DEBUG: CRC OK
2019-04-12 00:33:03,638 DEBUG: CRC OK
2019-04-12 00:33:05,653 DEBUG: CRC OK
2019-04-12 00:33:09,650 DEBUG: CRC OK
2019-04-12 01:03:26,646 DEBUG: CRC OK
2019-04-12 01:03:26,646 DEBUG: Setting HomeID to configuration
2019-04-12 01:03:26,650 DEBUG: CRC OK
2019-04-12 01:03:26,659 DEBUG: CRC OK
2019-04-12 01:03:26,674 DEBUG: CRC OK
2019-04-12 01:03:29,464 DEBUG: CRC OK
2019-04-12 01:03:29,472 DEBUG: CRC OK
2019-04-12 01:03:29,484 DEBUG: CRC OK
2019-04-12 01:03:29,488 DEBUG: CRC OK
2019-04-12 01:03:29,526 DEBUG: CRC OK
2019-04-12 01:05:46,954 DEBUG: CRC OK
2019-04-12 01:05:46,955 DEBUG: Setting HomeID to configuration
2019-04-12 01:05:46,956 DEBUG: CRC OK
2019-04-12 01:05:46,962 DEBUG: CRC OK
2019-04-12 01:07:16,868 DEBUG: CRC OK
2019-04-12 01:07:16,869 DEBUG: Setting HomeID to configuration
2019-04-12 01:07:16,873 DEBUG: CRC OK
2019-04-12 01:07:20,070 DEBUG: CRC OK
2019-04-12 01:15:52,607 DEBUG: CRC OK
2019-04-12 01:15:52,607 DEBUG: Setting HomeID to configuration
2019-04-12 01:15:52,608 DEBUG: CRC OK
2019-04-12 01:15:52,612 DEBUG: CRC OK
2019-04-12 02:12:06,607 DEBUG: Center frequency set: 868420000 Hz
2019-04-12 02:12:06,633 DEBUG: Sample rate set: 2000000 Hz
2019-04-12 02:12:06,635 DEBUG: TX gain set: 25db
2019-04-12 02:12:38,036 DEBUG: Center frequency set: 868420000 Hz
2019-04-12 02:12:38,038 DEBUG: Sample rate set: 2000000 Hz
2019-04-12 02:12:38,039 DEBUG: TX gain set: 25db
2019-04-12 02:13:32,789 DEBUG: Center frequency set: 
2019-04-12 02:14:55,729 DEBUG: CRC OK
2019-04-12 02:14:55,730 DEBUG: Setting HomeID to configuration
2019-04-12 02:14:55,758 DEBUG: CRC OK
2019-04-12 02:15:04,018 DEBUG: CRC OK
2019-04-12 02:15:06,007 DEBUG: CRC OK
2019-04-12 02:15:08,024 DEBUG: CRC OK
2019-04-12 02:17:47,639 DEBUG: CRC OK
2019-04-12 02:17:47,640 DEBUG: Setting HomeID to configuration
2019-04-12 02:17:47,642 DEBUG: CRC OK
2019-04-12 02:17:47,666 DEBUG: CRC OK
2019-04-12 02:17:47,679 DEBUG: CRC OK
2019-04-12 02:17:47,685 DEBUG: CRC OK
2019-04-12 02:17:47,689 DEBUG: CRC OK
2019-04-12 02:17:47,693 DEBUG: CRC OK
2019-04-12 02:17:47,698 DEBUG: CRC OK
2019-04-12 02:17:51,877 DEBUG: Bad CRC
2019-04-12 02:17:55,873 DEBUG: CRC OK
2019-04-12 02:18:13,025 DEBUG: CRC OK
2019-04-12 02:18:13,026 DEBUG: Setting HomeID to configuration
2019-04-12 02:18:13,066 DEBUG: CRC OK
2019-04-12 02:18:13,075 DEBUG: CRC OK
2019-04-12 02:18:13,076 DEBUG: CRC OK
2019-04-12 02:18:13,081 DEBUG: CRC OK
2019-04-12 02:18:13,088 DEBUG: CRC OK
2019-04-12 02:18:21,263 DEBUG: CRC OK
2019-04-12 02:18:23,254 DEBUG: CRC OK
2019-04-12 02:18:25,271 DEBUG: Bad CRC
2019-04-12 02:19:11,312 DEBUG: CRC OK
2019-04-12 02:19:11,313 DEBUG: Setting HomeID to configuration
2019-04-12 02:19:11,314 DEBUG: CRC OK
2019-04-12 02:19:11,353 DEBUG: CRC OK
2019-04-12 02:19:11,361 DEBUG: CRC OK
2019-04-12 02:19:11,363 DEBUG: CRC OK
2019-04-12 02:19:15,559 DEBUG: Bad CRC
2019-04-12 02:19:19,554 DEBUG: CRC OK
2019-04-12 02:20:48,050 DEBUG: Center frequency set: 868420000 Hz
2019-04-12 02:20:48,053 DEBUG: Sample rate set: 2000000 Hz
2019-04-12 02:20:48,054 DEBUG: TX gain set: 25db
2019-04-12 02:20:54,776 DEBUG: CRC OK
2019-04-12 02:20:54,777 DEBUG: Setting HomeID to configuration
2019-04-12 02:20:54,778 DEBUG: CRC OK
2019-04-12 02:20:54,814 DEBUG: CRC OK
2019-04-12 02:20:54,820 DEBUG: CRC OK
2019-04-12 02:20:54,822 DEBUG: CRC OK
2019-04-12 02:20:54,828 DEBUG: CRC OK
2019-04-12 02:20:54,829 DEBUG: CRC OK
2019-04-12 02:20:54,836 DEBUG: CRC OK
2019-04-12 02:21:04,998 DEBUG: CRC OK
2019-04-12 02:21:07,021 DEBUG: Bad CRC
2019-04-12 02:21:17,035 DEBUG: CRC OK
2019-04-12 02:21:23,050 DEBUG: CRC OK
2019-04-12 02:21:25,034 DEBUG: CRC OK
2019-04-12 02:21:27,055 DEBUG: CRC OK
2019-04-12 02:21:31,056 DEBUG: CRC OK
2019-04-12 02:21:33,043 DEBUG: CRC OK
2019-04-12 02:21:35,067 DEBUG: Bad CRC
2019-04-12 02:21:39,060 DEBUG: CRC OK
2019-04-12 02:21:41,082 DEBUG: CRC OK
